<?xml version="1.0" encoding="UTF-8"?>
<!-- Generated by org.testng.reporters.JUnitReportReporter -->
<testsuite hostname="DESKTOP-BJINFAG" failures="0" tests="1" name="com.amulia.D1" time="0.015" errors="0" timestamp="18 Jul 2020 17:10:22 GMT" skipped="0">
  <testcase classname="com.amulia.D1" name="A" time="0.015"/>
</testsuite> <!-- com.amulia.D1 -->
